<html>
<head>
<title>TestNG:  testing NASA Search API</title>
<link href="../testng.css" rel="stylesheet" type="text/css" />
<link href="../my-testng.css" rel="stylesheet" type="text/css" />

<style type="text/css">
.log { display: none;} 
.stack-trace { display: none;} 
</style>
<script type="text/javascript">
<!--
function flip(e) {
  current = e.style.display;
  if (current == 'block') {
    e.style.display = 'none';
    return 0;
  }
  else {
    e.style.display = 'block';
    return 1;
  }
}

function toggleBox(szDivId, elem, msg1, msg2)
{
  var res = -1;  if (document.getElementById) {
    res = flip(document.getElementById(szDivId));
  }
  else if (document.all) {
    // this is the way old msie versions work
    res = flip(document.all[szDivId]);
  }
  if(elem) {
    if(res == 0) elem.innerHTML = msg1; else elem.innerHTML = msg2;
  }

}

function toggleAllBoxes() {
  if (document.getElementsByTagName) {
    d = document.getElementsByTagName('div');
    for (i = 0; i < d.length; i++) {
      if (d[i].className == 'log') {
        flip(d[i]);
      }
    }
  }
}

// -->
</script>

</head>
<body>
<h2 align='center'>testing NASA Search API</h2><table border='1' align="center">
<tr>
<td>Tests passed/Failed/Skipped:</td><td>14/2/0</td>
</tr><tr>
<td>Started on:</td><td>Tue Mar 02 09:24:37 PST 2021</td>
</tr>
<tr><td>Total time:</td><td>6 seconds (6882 ms)</td>
</tr><tr>
<td>Included groups:</td><td></td>
</tr><tr>
<td>Excluded groups:</td><td></td>
</tr>
</table><p/>
<small><i>(Hover the method name to see the test class name)</i></small><p/>
<table width='100%' border='1' class='invocation-failed'>
<tr><td colspan='4' align='center'><b>FAILED TESTS</b></td></tr>
<tr><td><b>Test method</b></td>
<td width="30%"><b>Exception</b></td>
<td width="10%"><b>Time (seconds)</b></td>
<td><b>Instance</b></td>
</tr>
<tr>
<td title='restapitest.restapitestingframework.tests.NasaSearchByMediaTypeTest.searchWithEmptyString()'><b>searchWithEmptyString</b><br>Test class: restapitest.restapitestingframework.tests.NasaSearchByMediaTypeTest<br>Test method: media type is empty string</td>
<td><div><pre>java.lang.AssertionError: expected [400] but found [200]
	at restapitest.restapitestingframework.tests.NasaSearchByMediaTypeTest.searchWithEmptyString(NasaSearchByMediaTypeTest.java:159)
	at java.base/java.util.ArrayList.forEach(ArrayList.java:1510)
... Removed 33 stack frames</pre></div><a href='#' onClick='toggleBox("stack-trace37768026", this, "Click to show all stack frames", "Click to hide stack frames")'>Click to show all stack frames</a>
<div class='stack-trace' id='stack-trace37768026'><pre>java.lang.AssertionError: expected [400] but found [200]
	at org.testng.Assert.fail(Assert.java:99)
	at org.testng.Assert.failNotEquals(Assert.java:1037)
	at org.testng.Assert.assertEqualsImpl(Assert.java:140)
	at org.testng.Assert.assertEquals(Assert.java:122)
	at org.testng.Assert.assertEquals(Assert.java:907)
	at org.testng.Assert.assertEquals(Assert.java:917)
	at restapitest.restapitestingframework.tests.NasaSearchByMediaTypeTest.searchWithEmptyString(NasaSearchByMediaTypeTest.java:159)
	at java.base/jdk.internal.reflect.NativeMethodAccessorImpl.invoke0(Native Method)
	at java.base/jdk.internal.reflect.NativeMethodAccessorImpl.invoke(NativeMethodAccessorImpl.java:62)
	at java.base/jdk.internal.reflect.DelegatingMethodAccessorImpl.invoke(DelegatingMethodAccessorImpl.java:43)
	at java.base/java.lang.reflect.Method.invoke(Method.java:564)
	at org.testng.internal.MethodInvocationHelper.invokeMethod(MethodInvocationHelper.java:132)
	at org.testng.internal.TestInvoker.invokeMethod(TestInvoker.java:599)
	at org.testng.internal.TestInvoker.invokeTestMethod(TestInvoker.java:174)
	at org.testng.internal.MethodRunner.runInSequence(MethodRunner.java:46)
	at org.testng.internal.TestInvoker$MethodInvocationAgent.invoke(TestInvoker.java:822)
	at org.testng.internal.TestInvoker.invokeTestMethods(TestInvoker.java:147)
	at org.testng.internal.TestMethodWorker.invokeTestMethods(TestMethodWorker.java:146)
	at org.testng.internal.TestMethodWorker.run(TestMethodWorker.java:128)
	at java.base/java.util.ArrayList.forEach(ArrayList.java:1510)
	at org.testng.TestRunner.privateRun(TestRunner.java:764)
	at org.testng.TestRunner.run(TestRunner.java:585)
	at org.testng.SuiteRunner.runTest(SuiteRunner.java:384)
	at org.testng.SuiteRunner.runSequentially(SuiteRunner.java:378)
	at org.testng.SuiteRunner.privateRun(SuiteRunner.java:337)
	at org.testng.SuiteRunner.run(SuiteRunner.java:286)
	at org.testng.SuiteRunnerWorker.runSuite(SuiteRunnerWorker.java:53)
	at org.testng.SuiteRunnerWorker.run(SuiteRunnerWorker.java:96)
	at org.testng.TestNG.runSuitesSequentially(TestNG.java:1218)
	at org.testng.TestNG.runSuitesLocally(TestNG.java:1140)
	at org.testng.TestNG.runSuites(TestNG.java:1069)
	at org.testng.TestNG.run(TestNG.java:1037)
	at org.testng.remote.AbstractRemoteTestNG.run(AbstractRemoteTestNG.java:115)
	at org.testng.remote.RemoteTestNG.initAndRun(RemoteTestNG.java:251)
	at org.testng.remote.RemoteTestNG.main(RemoteTestNG.java:77)
</pre></div></td>
<td>0</td>
<td>restapitest.restapitestingframework.tests.NasaSearchByMediaTypeTest@b62fe6d</td></tr>
<tr>
<td title='restapitest.restapitestingframework.tests.NasaSearchByMediaTypeTest.searchWithNull()'><b>searchWithNull</b><br>Test class: restapitest.restapitestingframework.tests.NasaSearchByMediaTypeTest<br>Test method: media type is null</td>
<td><div><pre>java.lang.AssertionError: expected [400] but found [200]
	at restapitest.restapitestingframework.tests.NasaSearchByMediaTypeTest.searchWithNull(NasaSearchByMediaTypeTest.java:145)
	at java.base/java.util.ArrayList.forEach(ArrayList.java:1510)
... Removed 33 stack frames</pre></div><a href='#' onClick='toggleBox("stack-trace2050124277", this, "Click to show all stack frames", "Click to hide stack frames")'>Click to show all stack frames</a>
<div class='stack-trace' id='stack-trace2050124277'><pre>java.lang.AssertionError: expected [400] but found [200]
	at org.testng.Assert.fail(Assert.java:99)
	at org.testng.Assert.failNotEquals(Assert.java:1037)
	at org.testng.Assert.assertEqualsImpl(Assert.java:140)
	at org.testng.Assert.assertEquals(Assert.java:122)
	at org.testng.Assert.assertEquals(Assert.java:907)
	at org.testng.Assert.assertEquals(Assert.java:917)
	at restapitest.restapitestingframework.tests.NasaSearchByMediaTypeTest.searchWithNull(NasaSearchByMediaTypeTest.java:145)
	at java.base/jdk.internal.reflect.NativeMethodAccessorImpl.invoke0(Native Method)
	at java.base/jdk.internal.reflect.NativeMethodAccessorImpl.invoke(NativeMethodAccessorImpl.java:62)
	at java.base/jdk.internal.reflect.DelegatingMethodAccessorImpl.invoke(DelegatingMethodAccessorImpl.java:43)
	at java.base/java.lang.reflect.Method.invoke(Method.java:564)
	at org.testng.internal.MethodInvocationHelper.invokeMethod(MethodInvocationHelper.java:132)
	at org.testng.internal.TestInvoker.invokeMethod(TestInvoker.java:599)
	at org.testng.internal.TestInvoker.invokeTestMethod(TestInvoker.java:174)
	at org.testng.internal.MethodRunner.runInSequence(MethodRunner.java:46)
	at org.testng.internal.TestInvoker$MethodInvocationAgent.invoke(TestInvoker.java:822)
	at org.testng.internal.TestInvoker.invokeTestMethods(TestInvoker.java:147)
	at org.testng.internal.TestMethodWorker.invokeTestMethods(TestMethodWorker.java:146)
	at org.testng.internal.TestMethodWorker.run(TestMethodWorker.java:128)
	at java.base/java.util.ArrayList.forEach(ArrayList.java:1510)
	at org.testng.TestRunner.privateRun(TestRunner.java:764)
	at org.testng.TestRunner.run(TestRunner.java:585)
	at org.testng.SuiteRunner.runTest(SuiteRunner.java:384)
	at org.testng.SuiteRunner.runSequentially(SuiteRunner.java:378)
	at org.testng.SuiteRunner.privateRun(SuiteRunner.java:337)
	at org.testng.SuiteRunner.run(SuiteRunner.java:286)
	at org.testng.SuiteRunnerWorker.runSuite(SuiteRunnerWorker.java:53)
	at org.testng.SuiteRunnerWorker.run(SuiteRunnerWorker.java:96)
	at org.testng.TestNG.runSuitesSequentially(TestNG.java:1218)
	at org.testng.TestNG.runSuitesLocally(TestNG.java:1140)
	at org.testng.TestNG.runSuites(TestNG.java:1069)
	at org.testng.TestNG.run(TestNG.java:1037)
	at org.testng.remote.AbstractRemoteTestNG.run(AbstractRemoteTestNG.java:115)
	at org.testng.remote.RemoteTestNG.initAndRun(RemoteTestNG.java:251)
	at org.testng.remote.RemoteTestNG.main(RemoteTestNG.java:77)
</pre></div></td>
<td>0</td>
<td>restapitest.restapitestingframework.tests.NasaSearchByMediaTypeTest@b62fe6d</td></tr>
</table><p>
<table width='100%' border='1' class='invocation-passed'>
<tr><td colspan='4' align='center'><b>PASSED TESTS</b></td></tr>
<tr><td><b>Test method</b></td>
<td width="30%"><b>Exception</b></td>
<td width="10%"><b>Time (seconds)</b></td>
<td><b>Instance</b></td>
</tr>
<tr>
<td title='restapitest.restapitestingframework.tests.NasaSearchAPIByTextTest.searchWithEmptyString()'><b>searchWithEmptyString</b><br>Test class: restapitest.restapitestingframework.tests.NasaSearchAPIByTextTest<br>Test method: search text is empty string</td>
<td></td>
<td>1</td>
<td>restapitest.restapitestingframework.tests.NasaSearchAPIByTextTest@3c153a1</td></tr>
<tr>
<td title='restapitest.restapitestingframework.tests.NasaSearchAPIByDateTest.searchWithInvalidEndYear()'><b>searchWithInvalidEndYear</b><br>Test class: restapitest.restapitestingframework.tests.NasaSearchAPIByDateTest<br>Test method: test for optional parameters combinations and year_end is invalid</td>
<td></td>
<td>0</td>
<td>restapitest.restapitestingframework.tests.NasaSearchAPIByDateTest@13acb0d1</td></tr>
<tr>
<td title='restapitest.restapitestingframework.tests.NasaSearchAPIByDateTest.searchWithInvalidStartYear()'><b>searchWithInvalidStartYear</b><br>Test class: restapitest.restapitestingframework.tests.NasaSearchAPIByDateTest<br>Test method: test for optional parameters combinations and year_start is invalid</td>
<td></td>
<td>0</td>
<td>restapitest.restapitestingframework.tests.NasaSearchAPIByDateTest@13acb0d1</td></tr>
<tr>
<td title='restapitest.restapitestingframework.tests.NasaSearchAPIByTextTest.searchWithInvalidyString()'><b>searchWithInvalidyString</b><br>Test class: restapitest.restapitestingframework.tests.NasaSearchAPIByTextTest<br>Test method: search by invalid text</td>
<td></td>
<td>0</td>
<td>restapitest.restapitestingframework.tests.NasaSearchAPIByTextTest@3c153a1</td></tr>
<tr>
<td title='restapitest.restapitestingframework.tests.NasaSearchByMediaTypeTest.searchWithInvalidyString()'><b>searchWithInvalidyString</b><br>Test class: restapitest.restapitestingframework.tests.NasaSearchByMediaTypeTest<br>Test method: search by invalid media type</td>
<td></td>
<td>0</td>
<td>restapitest.restapitestingframework.tests.NasaSearchByMediaTypeTest@b62fe6d</td></tr>
<tr>
<td title='restapitest.restapitestingframework.tests.NasaSearchAPIByTextTest.searchWithNull()'><b>searchWithNull</b><br>Test class: restapitest.restapitestingframework.tests.NasaSearchAPIByTextTest<br>Test method: search text is null</td>
<td></td>
<td>0</td>
<td>restapitest.restapitestingframework.tests.NasaSearchAPIByTextTest@3c153a1</td></tr>
<tr>
<td title='restapitest.restapitestingframework.tests.NasaSearchAPIByDateTest.searchWithOptionalParameters()'><b>searchWithOptionalParameters</b><br>Test class: restapitest.restapitestingframework.tests.NasaSearchAPIByDateTest<br>Test method: happy path - test for optional parameters combinations</td>
<td></td>
<td>0</td>
<td>restapitest.restapitestingframework.tests.NasaSearchAPIByDateTest@13acb0d1</td></tr>
<tr>
<td title='restapitest.restapitestingframework.tests.NasaSearchAPIByDateTest.searchWithStartYearInFuture()'><b>searchWithStartYearInFuture</b><br>Test class: restapitest.restapitestingframework.tests.NasaSearchAPIByDateTest<br>Test method: test for optional parameters combinations and year_start is in future</td>
<td></td>
<td>0</td>
<td>restapitest.restapitestingframework.tests.NasaSearchAPIByDateTest@13acb0d1</td></tr>
<tr>
<td title='restapitest.restapitestingframework.tests.NasaSearchAPIByTextTest.searchWithValidTextInLowercase()'><b>searchWithValidTextInLowercase</b><br>Test class: restapitest.restapitestingframework.tests.NasaSearchAPIByTextTest<br>Test method: happy path - search by valid text in lowercase </td>
<td></td>
<td>1</td>
<td>restapitest.restapitestingframework.tests.NasaSearchAPIByTextTest@3c153a1</td></tr>
<tr>
<td title='restapitest.restapitestingframework.tests.NasaSearchByMediaTypeTest.searchWithValidTextInLowercase()'><b>searchWithValidTextInLowercase</b><br>Test class: restapitest.restapitestingframework.tests.NasaSearchByMediaTypeTest<br>Test method: happy path - search by valid media type in lowercase</td>
<td></td>
<td>0</td>
<td>restapitest.restapitestingframework.tests.NasaSearchByMediaTypeTest@b62fe6d</td></tr>
<tr>
<td title='restapitest.restapitestingframework.tests.NasaSearchAPIByTextTest.searchWithValidTextInMixedcase()'><b>searchWithValidTextInMixedcase</b><br>Test class: restapitest.restapitestingframework.tests.NasaSearchAPIByTextTest<br>Test method: happy path - search by valid text in mixedcase</td>
<td></td>
<td>0</td>
<td>restapitest.restapitestingframework.tests.NasaSearchAPIByTextTest@3c153a1</td></tr>
<tr>
<td title='restapitest.restapitestingframework.tests.NasaSearchByMediaTypeTest.searchWithValidTextInMixedcase()'><b>searchWithValidTextInMixedcase</b><br>Test class: restapitest.restapitestingframework.tests.NasaSearchByMediaTypeTest<br>Test method: happy path - search by valid media type in mixedcase</td>
<td></td>
<td>0</td>
<td>restapitest.restapitestingframework.tests.NasaSearchByMediaTypeTest@b62fe6d</td></tr>
<tr>
<td title='restapitest.restapitestingframework.tests.NasaSearchAPIByTextTest.searchWithValidTextInUppercase()'><b>searchWithValidTextInUppercase</b><br>Test class: restapitest.restapitestingframework.tests.NasaSearchAPIByTextTest<br>Test method: happy path - search by valid text in uppercase</td>
<td></td>
<td>0</td>
<td>restapitest.restapitestingframework.tests.NasaSearchAPIByTextTest@3c153a1</td></tr>
<tr>
<td title='restapitest.restapitestingframework.tests.NasaSearchByMediaTypeTest.searchWithValidTextInUppercase()'><b>searchWithValidTextInUppercase</b><br>Test class: restapitest.restapitestingframework.tests.NasaSearchByMediaTypeTest<br>Test method: happy path - search by valid media type in uppercase</td>
<td></td>
<td>0</td>
<td>restapitest.restapitestingframework.tests.NasaSearchByMediaTypeTest@b62fe6d</td></tr>
</table><p>
</body>
</html>